6/9/2018 4:20:40 PM: Information: Application Started

6/9/2018 4:30:15 PM: Information: Application Started

6/9/2018 4:32:35 PM: Information: Application Started

6/9/2018 4:34:12 PM: Information: Application Started

6/9/2018 4:37:24 PM: Information: Application Started

6/9/2018 4:41:52 PM: Exception: Object reference not set to an instance of an object.
6/9/2018 4:47:41 PM: Information: Application Started

6/9/2018 4:48:48 PM: Information: Application Started

6/9/2018 4:54:13 PM: Information: Application Started

6/9/2018 4:56:11 PM: Information: Application Started

6/9/2018 4:59:03 PM: Information: Application Started

6/9/2018 5:02:51 PM: Information: Application Started

6/9/2018 5:53:56 PM: Error: Application started 

6/9/2018 5:53:56 PM: Error: ***** Start the Session *****
6/9/2018 5:53:59 PM: Information: ***** Mahage Stock *****
6/9/2018 5:59:18 PM: Information: ***** Mahage Stock *****
6/9/2018 6:04:59 PM: Information: ***** Mahage Stock *****
6/9/2018 7:30:20 PM: Error: Application started 

6/9/2018 7:30:20 PM: Error: ***** Start the Session *****
6/9/2018 7:30:24 PM: Information: ***** Mahage Stock *****
6/9/2018 8:11:59 PM: Information: ***** Mahage Stock *****
6/9/2018 8:12:55 PM: Information: ***** Mahage Stock *****
6/9/2018 8:24:57 PM: Information: ***** Mahage Stock *****
6/9/2018 10:34:17 PM: Error: Application started 

6/9/2018 10:34:17 PM: Error: ***** Start the Session *****
6/9/2018 10:34:19 PM: Information: ***** Mahage Stock *****
6/9/2018 10:34:47 PM: Error: ***** Close the Session *****
6/9/2018 10:34:49 PM: Error: Application closed 

6/9/2018 10:42:07 PM: Error: Application started 

6/9/2018 10:42:07 PM: Error: ***** Start the Session *****
6/9/2018 10:42:08 PM: Information: ***** Mahage Stock *****
6/9/2018 10:43:33 PM: Error: Application started 

6/9/2018 10:43:33 PM: Error: ***** Start the Session *****
6/9/2018 10:43:34 PM: Information: ***** Mahage Stock *****
6/9/2018 10:44:37 PM: Error: Application started 

6/9/2018 10:44:37 PM: Error: ***** Start the Session *****
6/9/2018 10:44:38 PM: Information: ***** Mahage Stock *****
6/9/2018 10:57:29 PM: Error: ***** Manage Customer *****
6/9/2018 10:57:48 PM: Error: ***** Close the Session *****
6/9/2018 10:57:50 PM: Error: Application closed 

6/10/2018 3:17:20 PM: Error: Application started 
6/10/2018 3:17:21 PM: Error: ***** Start the Session *****
6/10/2018 3:17:42 PM: Information: ***** Manage Sale *****
6/10/2018 3:20:17 PM: Information: ***** Close the Session *****
6/10/2018 3:20:19 PM: Error: Application closed 

6/10/2018 3:52:29 PM: Error: Application started 
6/10/2018 3:52:29 PM: Error: ***** Start the Session *****
6/10/2018 3:52:33 PM: Information: ***** Manage Sale *****
6/10/2018 3:54:24 PM: Information: ***** Close the Session *****
6/10/2018 3:54:29 PM: Error: Application closed 

6/10/2018 4:17:22 PM: Error: Application started 
6/10/2018 4:17:22 PM: Error: ***** Start the Session *****
6/10/2018 4:19:54 PM: Error: Application started 
6/10/2018 4:19:54 PM: Error: ***** Start the Session *****
6/10/2018 4:20:50 PM: Error: Application started 
6/10/2018 4:20:50 PM: Error: ***** Start the Session *****
6/10/2018 4:21:18 PM: Error: Application started 
6/10/2018 4:21:18 PM: Error: ***** Start the Session *****
6/10/2018 4:21:20 PM: Information: ***** Close the Session *****
6/10/2018 4:21:25 PM: Error: Application started 
6/10/2018 4:21:25 PM: Error: ***** Start the Session *****
6/10/2018 4:25:52 PM: Error: Application started 
6/10/2018 4:25:52 PM: Error: ***** Start the Session *****
6/10/2018 4:26:03 PM: Error: Application started 
6/10/2018 4:26:03 PM: Error: ***** Start the Session *****
6/10/2018 4:26:05 PM: Information: ***** Close the Session *****
6/10/2018 4:26:31 PM: Error: Application started 
6/10/2018 4:26:31 PM: Error: ***** Start the Session *****
6/10/2018 4:26:36 PM: Error: Application closed 

6/10/2018 4:28:51 PM: Error: Application started 
6/10/2018 4:28:51 PM: Error: ***** Start the Session *****
6/10/2018 4:29:08 PM: Error: Application started 
6/10/2018 4:29:08 PM: Error: ***** Start the Session *****
6/10/2018 4:30:38 PM: Error: Application started 
6/10/2018 4:30:38 PM: Error: ***** Start the Session *****
6/10/2018 4:30:50 PM: Error: Application started 
6/10/2018 4:30:50 PM: Error: ***** Start the Session *****
6/10/2018 4:31:03 PM: Error: Application closed 

6/10/2018 5:05:39 PM: Information: Application started 
6/10/2018 5:05:39 PM: Information: ***** Start the Session *****
6/10/2018 5:06:02 PM: Error: Application closed 

6/10/2018 6:13:08 PM: Information: Application started 
6/10/2018 6:13:08 PM: Information: ***** Session started *****
6/10/2018 6:13:43 PM: Exception: A network-related or instance-specific error occurred while establishing a connection to SQL Server. The server was not found or was not accessible. Verify that the instance name is correct and that SQL Server is configured to allow remote connections. (provider: Named Pipes Provider, error: 40 - Could not open a connection to SQL Server) InnerException: The network path was not found
6/10/2018 6:14:00 PM: Information: Application started 
6/10/2018 6:14:01 PM: Information: ***** Session started *****
6/10/2018 6:14:27 PM: Exception: A network-related or instance-specific error occurred while establishing a connection to SQL Server. The server was not found or was not accessible. Verify that the instance name is correct and that SQL Server is configured to allow remote connections. (provider: Named Pipes Provider, error: 40 - Could not open a connection to SQL Server) InnerException: The network path was not found
6/10/2018 6:14:43 PM: Information: Application started 
6/10/2018 6:14:44 PM: Information: ***** Session started *****
6/10/2018 6:15:13 PM: Information: Application started 
6/10/2018 6:15:13 PM: Information: ***** Session started *****
6/10/2018 6:15:23 PM: Information: ***** Session closed *****
6/10/2018 6:15:23 PM: Information: Application closed 

6/10/2018 8:07:56 PM: Information: Application started 
6/10/2018 8:07:56 PM: Information: ***** Session started *****
6/10/2018 8:08:13 PM: Exception: A network-related or instance-specific error occurred while establishing a connection to SQL Server. The server was not found or was not accessible. Verify that the instance name is correct and that SQL Server is configured to allow remote connections. (provider: Named Pipes Provider, error: 40 - Could not open a connection to SQL Server) InnerException: The network path was not found
6/10/2018 8:09:18 PM: Information: Application started 
6/10/2018 8:09:18 PM: Information: ***** Session started *****
6/10/2018 8:09:35 PM: Exception: A network-related or instance-specific error occurred while establishing a connection to SQL Server. The server was not found or was not accessible. Verify that the instance name is correct and that SQL Server is configured to allow remote connections. (provider: Named Pipes Provider, error: 40 - Could not open a connection to SQL Server) InnerException: The network path was not found
6/10/2018 8:09:51 PM: Information: Application started 
6/10/2018 8:09:51 PM: Information: ***** Session started *****
6/10/2018 8:10:08 PM: Exception: A network-related or instance-specific error occurred while establishing a connection to SQL Server. The server was not found or was not accessible. Verify that the instance name is correct and that SQL Server is configured to allow remote connections. (provider: Named Pipes Provider, error: 40 - Could not open a connection to SQL Server) InnerException: The network path was not found
6/10/2018 8:12:00 PM: Information: ***** Session closed *****
6/10/2018 8:12:00 PM: Information: Application closed 

6/23/2018 10:23:28 PM: Information: ***** Session closed *****
6/23/2018 10:23:28 PM: Information: Application closed 

6/23/2018 11:22:45 PM: Information: ***** Session closed *****
6/23/2018 11:22:45 PM: Information: Application closed 

6/24/2018 12:33:41 AM: Error: ExecuteScalar: Connection property has not been initialized.
6/24/2018 12:35:12 AM: Error: ExecuteScalar: Connection property has not been initialized.
6/24/2018 12:35:17 AM: Information: ***** Session closed *****
6/24/2018 12:35:17 AM: Information: Application closed 

6/24/2018 12:41:26 AM: Information: ***** Session closed *****
6/24/2018 12:41:26 AM: Information: Application closed 

6/24/2018 9:11:20 PM: Information: ***** Session closed *****
6/24/2018 9:11:20 PM: Information: Application closed 

6/24/2018 9:20:42 PM: Information: Application started 
6/24/2018 9:20:42 PM: Information: ***** Session started *****
6/24/2018 9:20:47 PM: Information: Application started 
6/24/2018 9:20:47 PM: Information: ***** Session started *****
6/24/2018 9:20:48 PM: Information: ***** Mahage Stock *****
6/24/2018 9:21:03 PM: Information: ***** Manage Sale *****
6/24/2018 9:21:57 PM: Information: ***** Session closed *****
6/24/2018 9:22:05 PM: Information: ***** Session closed *****
6/24/2018 9:22:05 PM: Information: Application closed 

6/24/2018 9:33:34 PM: Information: Application started 
6/24/2018 9:33:34 PM: Information: ***** Session started *****
6/24/2018 9:33:36 PM: Information: ***** Manage Customer *****
6/29/2018 10:18:10 PM: Information: ***** Session closed *****
6/29/2018 10:18:10 PM: Information: Application closed 

6/29/2018 10:19:22 PM: Information: Application started 
6/29/2018 10:19:22 PM: Information: ***** Session started *****
6/29/2018 10:19:26 PM: Information: ***** Manage Customer *****
6/29/2018 10:20:12 PM: Information: ***** Session closed *****
6/29/2018 10:20:14 PM: Information: ***** Session closed *****
6/29/2018 10:20:14 PM: Information: Application closed 

6/30/2018 12:24:47 AM: Information: ***** Session closed *****
6/30/2018 12:24:47 AM: Information: Application closed 

6/30/2018 12:39:53 AM: Error: Violation of PRIMARY KEY constraint 'PK__registra__7127DC973E274868'. Cannot insert duplicate key in object 'dbo.registration'. The duplicate key value is (9844301817).
The statement has been terminated.
6/30/2018 12:40:01 AM: Information: ***** Session closed *****
6/30/2018 12:40:01 AM: Information: Application closed 

6/30/2018 12:55:22 AM: Information: ***** Session closed *****
6/30/2018 12:55:22 AM: Information: Application closed 

6/30/2018 1:02:53 AM: Information: ***** Session closed *****
6/30/2018 1:02:53 AM: Information: Application closed 

6/30/2018 1:03:27 AM: Information: ***** Session closed *****
6/30/2018 1:03:27 AM: Information: Application closed 

6/30/2018 1:03:56 AM: Information: ***** Session closed *****
6/30/2018 1:03:56 AM: Information: Application closed 

6/30/2018 1:05:28 AM: Information: ***** Session closed *****
6/30/2018 1:05:28 AM: Information: Application closed 

6/30/2018 3:17:28 PM: Information: ***** Session closed *****
6/30/2018 3:17:28 PM: Information: Application closed 

6/30/2018 3:24:28 PM: Information: ***** Session closed *****
6/30/2018 3:24:28 PM: Information: Application closed 

6/30/2018 3:26:36 PM: Information: ***** Session closed *****
6/30/2018 3:26:36 PM: Information: Application closed 

6/30/2018 3:27:51 PM: Information: ***** Session closed *****
6/30/2018 3:27:51 PM: Information: Application closed 

6/30/2018 3:30:57 PM: Information: ***** Session closed *****
6/30/2018 3:30:57 PM: Information: Application closed 

6/30/2018 3:39:57 PM: Information: ***** Session closed *****
6/30/2018 3:39:57 PM: Information: Application closed 

6/30/2018 3:48:46 PM: Information: ***** Session closed *****
6/30/2018 3:48:46 PM: Information: Application closed 

6/30/2018 3:54:33 PM: Information: Application started 
6/30/2018 3:54:33 PM: Information: ***** Session started *****
6/30/2018 3:54:36 PM: Information: ***** Manage Customer *****
6/30/2018 3:56:38 PM: Information: ***** Session closed *****
6/30/2018 3:56:41 PM: Information: ***** Session closed *****
6/30/2018 3:56:41 PM: Information: Application closed 

6/30/2018 4:00:52 PM: Information: ***** Session closed *****
6/30/2018 4:00:52 PM: Information: Application closed 

6/30/2018 4:05:59 PM: Information: ***** Session closed *****
6/30/2018 4:05:59 PM: Information: Application closed 

6/30/2018 4:08:28 PM: Information: ***** Session closed *****
6/30/2018 4:08:28 PM: Information: Application closed 

7/8/2018 4:14:45 PM: Information: Application started 
7/8/2018 4:14:45 PM: Information: ***** Session started *****
7/8/2018 4:15:38 PM: Information: ***** Session closed *****
7/8/2018 4:15:47 PM: Information: ***** Session closed *****
7/8/2018 4:15:47 PM: Information: Application closed 

7/8/2018 4:16:05 PM: Information: Application started 
7/8/2018 4:16:05 PM: Information: ***** Session started *****
7/8/2018 4:16:46 PM: Information: ***** Session closed *****
7/8/2018 4:16:49 PM: Information: ***** Session closed *****
7/8/2018 4:16:49 PM: Information: Application closed 

7/8/2018 4:17:34 PM: Information: Application started 
7/8/2018 4:17:34 PM: Information: ***** Session started *****
7/8/2018 4:17:37 PM: Information: ***** Session closed *****
7/8/2018 4:17:58 PM: Information: Application started 
7/8/2018 4:17:58 PM: Information: ***** Session started *****
7/8/2018 4:18:46 PM: Information: Application started 
7/8/2018 4:18:46 PM: Information: ***** Session started *****
7/8/2018 4:18:48 PM: Information: ***** Manage Customer *****
7/8/2018 4:22:16 PM: Information: ***** Session closed *****
7/8/2018 4:22:19 PM: Information: ***** Session closed *****
7/8/2018 4:22:19 PM: Information: Application closed 

7/8/2018 4:23:18 PM: Information: Application started 
7/8/2018 4:23:18 PM: Information: ***** Session started *****
7/8/2018 4:23:21 PM: Information: ***** Session closed *****
7/8/2018 4:23:37 PM: Information: ***** Session closed *****
7/8/2018 4:23:37 PM: Information: Application closed 

7/8/2018 4:25:11 PM: Information: Application started 
7/8/2018 4:25:11 PM: Information: ***** Session started *****
7/8/2018 4:25:13 PM: Information: ***** Session closed *****
7/8/2018 4:25:17 PM: Information: Application started 
7/8/2018 4:25:17 PM: Information: ***** Session started *****
7/8/2018 4:25:28 PM: Information: Application started 
7/8/2018 4:25:28 PM: Information: ***** Session started *****
7/8/2018 4:25:31 PM: Information: ***** Session closed *****
7/8/2018 4:25:33 PM: Information: ***** Session closed *****
7/8/2018 4:25:33 PM: Information: Application closed 

7/8/2018 4:26:22 PM: Information: ***** Session closed *****
7/8/2018 4:26:22 PM: Information: Application closed 

7/8/2018 4:26:56 PM: Information: Application started 
7/8/2018 4:26:56 PM: Information: ***** Session started *****
7/8/2018 4:26:58 PM: Information: ***** Session closed *****
7/8/2018 4:27:03 PM: Information: ***** Session closed *****
7/8/2018 4:27:03 PM: Information: Application closed 

7/14/2018 8:27:07 PM: Information: Application started 
7/14/2018 8:27:07 PM: Information: ***** Session started *****
7/14/2018 8:27:22 PM: Information: Application started 
7/14/2018 8:27:22 PM: Information: ***** Session started *****
7/14/2018 8:27:30 PM: Information: ***** Mahage Stock *****
7/14/2018 8:29:55 PM: Information: ***** Session closed *****
7/14/2018 8:30:05 PM: Information: ***** Session closed *****
7/14/2018 8:30:05 PM: Information: Application closed 

